-------------------------------------------------------------------------------
Test set: TestSuite
-------------------------------------------------------------------------------
Tests run: 3, Failures: 1, Errors: 0, Skipped: 0, Time elapsed: 2.012 s <<< FAILURE! - in TestSuite
LoginTests.AppTest.InvalidCredentials  Time elapsed: 0.025 s  <<< FAILURE!
java.lang.AssertionError: expected [true] but found [false]
	at LoginTests.AppTest.InvalidCredentials(AppTest.java:19)

