<?xml version="1.0" encoding="UTF-8"?>
<testng-results skipped="0" failed="0" ignored="0" total="3" passed="3">
  <reporter-output>
  </reporter-output>
  <suite name="Suite" duration-ms="58" started-at="2021-09-27T09:42:34Z" finished-at="2021-09-27T09:42:34Z">
    <groups>
    </groups>
    <test name="Test1" duration-ms="34" started-at="2021-09-27T09:42:34Z" finished-at="2021-09-27T09:42:34Z">
      <class name="LoginTests.AppTest">
        <test-method status="PASS" signature="InvalidCredentials()[pri:0, instance:LoginTests.AppTest@657c8ad9]" name="InvalidCredentials" duration-ms="8" started-at="2021-09-27T09:42:34Z" description="Check with invalid credentials" finished-at="2021-09-27T09:42:34Z">
          <reporter-output>
          </reporter-output>
        </test-method> <!-- InvalidCredentials -->
        <test-method status="PASS" signature="validCredentials()[pri:0, instance:LoginTests.AppTest@657c8ad9]" name="validCredentials" duration-ms="0" started-at="2021-09-27T09:42:34Z" description="Check with valid credentials" finished-at="2021-09-27T09:42:34Z">
          <reporter-output>
          </reporter-output>
        </test-method> <!-- validCredentials -->
      </class> <!-- LoginTests.AppTest -->
    </test> <!-- Test1 -->
    <test name="Test2" duration-ms="0" started-at="2021-09-27T09:42:34Z" finished-at="2021-09-27T09:42:34Z">
      <class name="LoginTests.ComparisionTC">
        <test-method status="PASS" signature="f()[pri:0, instance:LoginTests.ComparisionTC@4387b79e]" name="f" duration-ms="0" started-at="2021-09-27T09:42:34Z" finished-at="2021-09-27T09:42:34Z">
          <reporter-output>
          </reporter-output>
        </test-method> <!-- f -->
      </class> <!-- LoginTests.ComparisionTC -->
    </test> <!-- Test2 -->
  </suite> <!-- Suite -->
</testng-results>
