<?xml version="1.0" encoding="UTF-8"?>
<testng-results skipped="0" failed="0" ignored="0" total="1" passed="1">
  <reporter-output>
  </reporter-output>
  <suite name="Default suite" duration-ms="8749" started-at="2021-09-27T15:17:17 IST" finished-at="2021-09-27T15:17:26 IST">
    <groups>
    </groups>
    <test name="Default test" duration-ms="8749" started-at="2021-09-27T15:17:17 IST" finished-at="2021-09-27T15:17:26 IST">
      <class name="LoginTests.UdemyLogin">
        <test-method status="PASS" signature="beforeTest()[pri:0, instance:LoginTests.UdemyLogin@1a8a8f7c]" name="beforeTest" is-config="true" duration-ms="2348" started-at="2021-09-27T15:17:17 IST" finished-at="2021-09-27T15:17:20 IST">
          <reporter-output>
          </reporter-output>
        </test-method> <!-- beforeTest -->
        <test-method status="PASS" signature="doLogin()[pri:0, instance:LoginTests.UdemyLogin@1a8a8f7c]" name="doLogin" duration-ms="3593" started-at="2021-09-27T15:17:20 IST" finished-at="2021-09-27T15:17:23 IST">
          <reporter-output>
          </reporter-output>
        </test-method> <!-- doLogin -->
        <test-method status="PASS" signature="afterTest()[pri:0, instance:LoginTests.UdemyLogin@1a8a8f7c]" name="afterTest" is-config="true" duration-ms="2749" started-at="2021-09-27T15:17:23 IST" finished-at="2021-09-27T15:17:26 IST">
          <reporter-output>
          </reporter-output>
        </test-method> <!-- afterTest -->
      </class> <!-- LoginTests.UdemyLogin -->
    </test> <!-- Default test -->
  </suite> <!-- Default suite -->
</testng-results>
